 * Serving Flask app 'main' (lazy loading)
 * Environment: production
   WARNING: This is a development server. Do not use it in a production deployment.
   Use a production WSGI server instead.
 * Debug mode: on
 * Running on http://127.0.0.1:5000/ (Press CTRL+C to quit)
 * Restarting with stat
 * Debugger is active!
 * Debugger PIN: 262-313-718
Traceback (most recent call last):
  File "/Users/k.goto/Desktop/develop/nlp-applications/experiment/web/main.py", line 16, in <module>
    app.run(debug=True)
  File "/Users/k.goto/miniforge3/envs/tf/lib/python3.8/site-packages/flask/app.py", line 922, in run
    run_simple(t.cast(str, host), port, self, **options)
  File "/Users/k.goto/miniforge3/envs/tf/lib/python3.8/site-packages/werkzeug/serving.py", line 1000, in run_simple
    _rwr(
  File "/Users/k.goto/miniforge3/envs/tf/lib/python3.8/site-packages/werkzeug/_reloader.py", line 418, in run_with_reloader
    ensure_echo_on()
  File "/Users/k.goto/miniforge3/envs/tf/lib/python3.8/site-packages/werkzeug/_reloader.py", line 398, in ensure_echo_on
    termios.tcsetattr(sys.stdin, termios.TCSANOW, attributes)
termios.error: (4, 'Interrupted system call')
